[0.008s] Invoking command in '/home/denmann99/ws_moveit2/build/moveit_resources': CMAKE_PREFIX_PATH=/home/denmann99/ws_moveit2/install/moveit_resources_panda_moveit_config:/home/denmann99/ws_moveit2/install/moveit_resources_fanuc_moveit_config:/home/denmann99/ws_moveit2/install/moveit_resources_pr2_description:/home/denmann99/ws_moveit2/install/moveit_resources_panda_description:/home/denmann99/ws_moveit2/install/moveit_resources_fanuc_description:/home/denmann99/ws_moveit2/install/rviz_visual_tools:/home/denmann99/ws_moveit2/install/moveit_resources:/opt/ros/foxy /usr/bin/cmake --build /home/denmann99/ws_moveit2/build/moveit_resources -- -j12 -l12
[0.033s] Invoked command in '/home/denmann99/ws_moveit2/build/moveit_resources' returned '0': CMAKE_PREFIX_PATH=/home/denmann99/ws_moveit2/install/moveit_resources_panda_moveit_config:/home/denmann99/ws_moveit2/install/moveit_resources_fanuc_moveit_config:/home/denmann99/ws_moveit2/install/moveit_resources_pr2_description:/home/denmann99/ws_moveit2/install/moveit_resources_panda_description:/home/denmann99/ws_moveit2/install/moveit_resources_fanuc_description:/home/denmann99/ws_moveit2/install/rviz_visual_tools:/home/denmann99/ws_moveit2/install/moveit_resources:/opt/ros/foxy /usr/bin/cmake --build /home/denmann99/ws_moveit2/build/moveit_resources -- -j12 -l12
[0.047s] Invoking command in '/home/denmann99/ws_moveit2/build/moveit_resources': CMAKE_PREFIX_PATH=/home/denmann99/ws_moveit2/install/moveit_resources_panda_moveit_config:/home/denmann99/ws_moveit2/install/moveit_resources_fanuc_moveit_config:/home/denmann99/ws_moveit2/install/moveit_resources_pr2_description:/home/denmann99/ws_moveit2/install/moveit_resources_panda_description:/home/denmann99/ws_moveit2/install/moveit_resources_fanuc_description:/home/denmann99/ws_moveit2/install/rviz_visual_tools:/home/denmann99/ws_moveit2/install/moveit_resources:/opt/ros/foxy /usr/bin/cmake --install /home/denmann99/ws_moveit2/build/moveit_resources
[0.054s] -- Install configuration: "Release"
[0.054s] -- Up-to-date: /home/denmann99/ws_moveit2/install/moveit_resources/share/ament_index/resource_index/package_run_dependencies/moveit_resources
[0.054s] -- Up-to-date: /home/denmann99/ws_moveit2/install/moveit_resources/share/ament_index/resource_index/parent_prefix_path/moveit_resources
[0.055s] -- Up-to-date: /home/denmann99/ws_moveit2/install/moveit_resources/share/moveit_resources/environment/ament_prefix_path.sh
[0.055s] -- Up-to-date: /home/denmann99/ws_moveit2/install/moveit_resources/share/moveit_resources/environment/ament_prefix_path.dsv
[0.055s] -- Up-to-date: /home/denmann99/ws_moveit2/install/moveit_resources/share/moveit_resources/environment/path.sh
[0.055s] -- Up-to-date: /home/denmann99/ws_moveit2/install/moveit_resources/share/moveit_resources/environment/path.dsv
[0.055s] -- Up-to-date: /home/denmann99/ws_moveit2/install/moveit_resources/share/moveit_resources/local_setup.bash
[0.056s] -- Up-to-date: /home/denmann99/ws_moveit2/install/moveit_resources/share/moveit_resources/local_setup.sh
[0.056s] -- Up-to-date: /home/denmann99/ws_moveit2/install/moveit_resources/share/moveit_resources/local_setup.zsh
[0.056s] -- Up-to-date: /home/denmann99/ws_moveit2/install/moveit_resources/share/moveit_resources/local_setup.dsv
[0.057s] -- Up-to-date: /home/denmann99/ws_moveit2/install/moveit_resources/share/moveit_resources/package.dsv
[0.057s] -- Up-to-date: /home/denmann99/ws_moveit2/install/moveit_resources/share/ament_index/resource_index/packages/moveit_resources
[0.057s] -- Up-to-date: /home/denmann99/ws_moveit2/install/moveit_resources/share/moveit_resources/cmake/moveit_resourcesConfig.cmake
[0.057s] -- Up-to-date: /home/denmann99/ws_moveit2/install/moveit_resources/share/moveit_resources/cmake/moveit_resourcesConfig-version.cmake
[0.057s] -- Up-to-date: /home/denmann99/ws_moveit2/install/moveit_resources/share/moveit_resources/package.xml
[0.057s] Invoked command in '/home/denmann99/ws_moveit2/build/moveit_resources' returned '0': CMAKE_PREFIX_PATH=/home/denmann99/ws_moveit2/install/moveit_resources_panda_moveit_config:/home/denmann99/ws_moveit2/install/moveit_resources_fanuc_moveit_config:/home/denmann99/ws_moveit2/install/moveit_resources_pr2_description:/home/denmann99/ws_moveit2/install/moveit_resources_panda_description:/home/denmann99/ws_moveit2/install/moveit_resources_fanuc_description:/home/denmann99/ws_moveit2/install/rviz_visual_tools:/home/denmann99/ws_moveit2/install/moveit_resources:/opt/ros/foxy /usr/bin/cmake --install /home/denmann99/ws_moveit2/build/moveit_resources
