[0.008s] Invoking command in '/home/denmann99/ws_moveit2/build/moveit_resources': AMENT_PREFIX_PATH=/home/denmann99/ws_moveit2/install/moveit_resources_panda_moveit_config:/home/denmann99/ws_moveit2/install/moveit_resources_fanuc_moveit_config:/home/denmann99/ws_moveit2/install/moveit_resources_pr2_description:/home/denmann99/ws_moveit2/install/moveit_resources_panda_description:/home/denmann99/ws_moveit2/install/moveit_resources_fanuc_description:${AMENT_PREFIX_PATH} CMAKE_PREFIX_PATH=/home/denmann99/ws_moveit2/install/moveit_resources_panda_moveit_config:/home/denmann99/ws_moveit2/install/moveit_resources_fanuc_moveit_config:/home/denmann99/ws_moveit2/install/moveit_resources_pr2_description:/home/denmann99/ws_moveit2/install/moveit_resources_panda_description:/home/denmann99/ws_moveit2/install/moveit_resources_fanuc_description:/opt/ros/foxy /usr/bin/cmake /home/denmann99/ws_moveit2/src/moveit_resources/moveit_resources -DCMAKE_BUILD_TYPE=Release -DCMAKE_INSTALL_PREFIX=/home/denmann99/ws_moveit2/install/moveit_resources
[0.042s] -- The C compiler identification is GNU 9.3.0
[0.078s] -- The CXX compiler identification is GNU 9.3.0
[0.081s] -- Check for working C compiler: /usr/bin/cc
[0.124s] -- Check for working C compiler: /usr/bin/cc -- works
[0.125s] -- Detecting C compiler ABI info
[0.168s] -- Detecting C compiler ABI info - done
[0.176s] -- Detecting C compile features
[0.176s] -- Detecting C compile features - done
[0.178s] -- Check for working CXX compiler: /usr/bin/c++
[0.228s] -- Check for working CXX compiler: /usr/bin/c++ -- works
[0.229s] -- Detecting CXX compiler ABI info
[0.279s] -- Detecting CXX compiler ABI info - done
[0.287s] -- Detecting CXX compile features
[0.288s] -- Detecting CXX compile features - done
[0.290s] -- Found ament_cmake: 0.9.9 (/opt/ros/foxy/share/ament_cmake/cmake)
[0.306s] -- Found PythonInterp: /usr/bin/python3 (found suitable version "3.8.10", minimum required is "3") 
[0.306s] -- Using PYTHON_EXECUTABLE: /usr/bin/python3
[0.479s] -- Configuring done
[0.480s] -- Generating done
[0.481s] -- Build files have been written to: /home/denmann99/ws_moveit2/build/moveit_resources
[0.485s] Invoked command in '/home/denmann99/ws_moveit2/build/moveit_resources' returned '0': AMENT_PREFIX_PATH=/home/denmann99/ws_moveit2/install/moveit_resources_panda_moveit_config:/home/denmann99/ws_moveit2/install/moveit_resources_fanuc_moveit_config:/home/denmann99/ws_moveit2/install/moveit_resources_pr2_description:/home/denmann99/ws_moveit2/install/moveit_resources_panda_description:/home/denmann99/ws_moveit2/install/moveit_resources_fanuc_description:${AMENT_PREFIX_PATH} CMAKE_PREFIX_PATH=/home/denmann99/ws_moveit2/install/moveit_resources_panda_moveit_config:/home/denmann99/ws_moveit2/install/moveit_resources_fanuc_moveit_config:/home/denmann99/ws_moveit2/install/moveit_resources_pr2_description:/home/denmann99/ws_moveit2/install/moveit_resources_panda_description:/home/denmann99/ws_moveit2/install/moveit_resources_fanuc_description:/opt/ros/foxy /usr/bin/cmake /home/denmann99/ws_moveit2/src/moveit_resources/moveit_resources -DCMAKE_BUILD_TYPE=Release -DCMAKE_INSTALL_PREFIX=/home/denmann99/ws_moveit2/install/moveit_resources
[0.485s] Invoking command in '/home/denmann99/ws_moveit2/build/moveit_resources': AMENT_PREFIX_PATH=/home/denmann99/ws_moveit2/install/moveit_resources_panda_moveit_config:/home/denmann99/ws_moveit2/install/moveit_resources_fanuc_moveit_config:/home/denmann99/ws_moveit2/install/moveit_resources_pr2_description:/home/denmann99/ws_moveit2/install/moveit_resources_panda_description:/home/denmann99/ws_moveit2/install/moveit_resources_fanuc_description:${AMENT_PREFIX_PATH} CMAKE_PREFIX_PATH=/home/denmann99/ws_moveit2/install/moveit_resources_panda_moveit_config:/home/denmann99/ws_moveit2/install/moveit_resources_fanuc_moveit_config:/home/denmann99/ws_moveit2/install/moveit_resources_pr2_description:/home/denmann99/ws_moveit2/install/moveit_resources_panda_description:/home/denmann99/ws_moveit2/install/moveit_resources_fanuc_description:/opt/ros/foxy /usr/bin/cmake --build /home/denmann99/ws_moveit2/build/moveit_resources -- -j12 -l12
[0.510s] Invoked command in '/home/denmann99/ws_moveit2/build/moveit_resources' returned '0': AMENT_PREFIX_PATH=/home/denmann99/ws_moveit2/install/moveit_resources_panda_moveit_config:/home/denmann99/ws_moveit2/install/moveit_resources_fanuc_moveit_config:/home/denmann99/ws_moveit2/install/moveit_resources_pr2_description:/home/denmann99/ws_moveit2/install/moveit_resources_panda_description:/home/denmann99/ws_moveit2/install/moveit_resources_fanuc_description:${AMENT_PREFIX_PATH} CMAKE_PREFIX_PATH=/home/denmann99/ws_moveit2/install/moveit_resources_panda_moveit_config:/home/denmann99/ws_moveit2/install/moveit_resources_fanuc_moveit_config:/home/denmann99/ws_moveit2/install/moveit_resources_pr2_description:/home/denmann99/ws_moveit2/install/moveit_resources_panda_description:/home/denmann99/ws_moveit2/install/moveit_resources_fanuc_description:/opt/ros/foxy /usr/bin/cmake --build /home/denmann99/ws_moveit2/build/moveit_resources -- -j12 -l12
[0.522s] Invoking command in '/home/denmann99/ws_moveit2/build/moveit_resources': AMENT_PREFIX_PATH=/home/denmann99/ws_moveit2/install/moveit_resources_panda_moveit_config:/home/denmann99/ws_moveit2/install/moveit_resources_fanuc_moveit_config:/home/denmann99/ws_moveit2/install/moveit_resources_pr2_description:/home/denmann99/ws_moveit2/install/moveit_resources_panda_description:/home/denmann99/ws_moveit2/install/moveit_resources_fanuc_description:${AMENT_PREFIX_PATH} CMAKE_PREFIX_PATH=/home/denmann99/ws_moveit2/install/moveit_resources_panda_moveit_config:/home/denmann99/ws_moveit2/install/moveit_resources_fanuc_moveit_config:/home/denmann99/ws_moveit2/install/moveit_resources_pr2_description:/home/denmann99/ws_moveit2/install/moveit_resources_panda_description:/home/denmann99/ws_moveit2/install/moveit_resources_fanuc_description:/opt/ros/foxy /usr/bin/cmake --install /home/denmann99/ws_moveit2/build/moveit_resources
[0.528s] -- Install configuration: "Release"
[0.529s] -- Installing: /home/denmann99/ws_moveit2/install/moveit_resources/share/ament_index/resource_index/package_run_dependencies/moveit_resources
[0.529s] -- Installing: /home/denmann99/ws_moveit2/install/moveit_resources/share/ament_index/resource_index/parent_prefix_path/moveit_resources
[0.529s] -- Installing: /home/denmann99/ws_moveit2/install/moveit_resources/share/moveit_resources/environment/ament_prefix_path.sh
[0.529s] -- Installing: /home/denmann99/ws_moveit2/install/moveit_resources/share/moveit_resources/environment/ament_prefix_path.dsv
[0.529s] -- Installing: /home/denmann99/ws_moveit2/install/moveit_resources/share/moveit_resources/environment/path.sh
[0.529s] -- Installing: /home/denmann99/ws_moveit2/install/moveit_resources/share/moveit_resources/environment/path.dsv
[0.529s] -- Installing: /home/denmann99/ws_moveit2/install/moveit_resources/share/moveit_resources/local_setup.bash
[0.529s] -- Installing: /home/denmann99/ws_moveit2/install/moveit_resources/share/moveit_resources/local_setup.sh
[0.529s] -- Installing: /home/denmann99/ws_moveit2/install/moveit_resources/share/moveit_resources/local_setup.zsh
[0.529s] -- Installing: /home/denmann99/ws_moveit2/install/moveit_resources/share/moveit_resources/local_setup.dsv
[0.529s] -- Installing: /home/denmann99/ws_moveit2/install/moveit_resources/share/moveit_resources/package.dsv
[0.529s] -- Installing: /home/denmann99/ws_moveit2/install/moveit_resources/share/ament_index/resource_index/packages/moveit_resources
[0.529s] -- Installing: /home/denmann99/ws_moveit2/install/moveit_resources/share/moveit_resources/cmake/moveit_resourcesConfig.cmake
[0.530s] -- Installing: /home/denmann99/ws_moveit2/install/moveit_resources/share/moveit_resources/cmake/moveit_resourcesConfig-version.cmake
[0.530s] -- Installing: /home/denmann99/ws_moveit2/install/moveit_resources/share/moveit_resources/package.xml
[0.532s] Invoked command in '/home/denmann99/ws_moveit2/build/moveit_resources' returned '0': AMENT_PREFIX_PATH=/home/denmann99/ws_moveit2/install/moveit_resources_panda_moveit_config:/home/denmann99/ws_moveit2/install/moveit_resources_fanuc_moveit_config:/home/denmann99/ws_moveit2/install/moveit_resources_pr2_description:/home/denmann99/ws_moveit2/install/moveit_resources_panda_description:/home/denmann99/ws_moveit2/install/moveit_resources_fanuc_description:${AMENT_PREFIX_PATH} CMAKE_PREFIX_PATH=/home/denmann99/ws_moveit2/install/moveit_resources_panda_moveit_config:/home/denmann99/ws_moveit2/install/moveit_resources_fanuc_moveit_config:/home/denmann99/ws_moveit2/install/moveit_resources_pr2_description:/home/denmann99/ws_moveit2/install/moveit_resources_panda_description:/home/denmann99/ws_moveit2/install/moveit_resources_fanuc_description:/opt/ros/foxy /usr/bin/cmake --install /home/denmann99/ws_moveit2/build/moveit_resources
