[0.007s] Invoking command in '/home/denmann99/ws_moveit2/build/moveit_visual_tools': AMENT_PREFIX_PATH=/home/denmann99/ws_moveit2/install/rviz_visual_tools:${AMENT_PREFIX_PATH} CMAKE_PREFIX_PATH=/home/denmann99/ws_moveit2/install/rviz_visual_tools:/opt/ros/foxy LD_LIBRARY_PATH=/home/denmann99/ws_moveit2/install/rviz_visual_tools/lib:${LD_LIBRARY_PATH} /usr/bin/cmake /home/denmann99/ws_moveit2/src/moveit_visual_tools -DCMAKE_BUILD_TYPE=Release -DCMAKE_INSTALL_PREFIX=/home/denmann99/ws_moveit2/install/moveit_visual_tools
[0.042s] -- The C compiler identification is GNU 9.3.0
[0.076s] -- The CXX compiler identification is GNU 9.3.0
[0.079s] -- Check for working C compiler: /usr/bin/cc
[0.135s] -- Check for working C compiler: /usr/bin/cc -- works
[0.136s] -- Detecting C compiler ABI info
[0.205s] -- Detecting C compiler ABI info - done
[0.220s] -- Detecting C compile features
[0.221s] -- Detecting C compile features - done
[0.224s] -- Check for working CXX compiler: /usr/bin/c++
[0.286s] -- Check for working CXX compiler: /usr/bin/c++ -- works
[0.287s] -- Detecting CXX compiler ABI info
[0.357s] -- Detecting CXX compiler ABI info - done
[0.366s] -- Detecting CXX compile features
[0.366s] -- Detecting CXX compile features - done
[0.374s] CMake Error at CMakeLists.txt:4 (find_package):
[0.374s]   By not providing "Findmoveit_common.cmake" in CMAKE_MODULE_PATH this
[0.374s]   project has asked CMake to find a package configuration file provided by
[0.374s]   "moveit_common", but CMake did not find one.
[0.374s] 
[0.374s]   Could not find a package configuration file provided by "moveit_common"
[0.374s]   with any of the following names:
[0.374s] 
[0.374s]     moveit_commonConfig.cmake
[0.374s]     moveit_common-config.cmake
[0.374s] 
[0.374s]   Add the installation prefix of "moveit_common" to CMAKE_PREFIX_PATH or set
[0.374s]   "moveit_common_DIR" to a directory containing one of the above files.  If
[0.375s]   "moveit_common" provides a separate development package or SDK, be sure it
[0.375s]   has been installed.
[0.375s] 
[0.375s] 
[0.375s] -- Configuring incomplete, errors occurred!
[0.375s] See also "/home/denmann99/ws_moveit2/build/moveit_visual_tools/CMakeFiles/CMakeOutput.log".
[0.376s] Invoked command in '/home/denmann99/ws_moveit2/build/moveit_visual_tools' returned '1': AMENT_PREFIX_PATH=/home/denmann99/ws_moveit2/install/rviz_visual_tools:${AMENT_PREFIX_PATH} CMAKE_PREFIX_PATH=/home/denmann99/ws_moveit2/install/rviz_visual_tools:/opt/ros/foxy LD_LIBRARY_PATH=/home/denmann99/ws_moveit2/install/rviz_visual_tools/lib:${LD_LIBRARY_PATH} /usr/bin/cmake /home/denmann99/ws_moveit2/src/moveit_visual_tools -DCMAKE_BUILD_TYPE=Release -DCMAKE_INSTALL_PREFIX=/home/denmann99/ws_moveit2/install/moveit_visual_tools
