[0.021s] Invoking command in '/home/denmann99/ws_moveit2/build/moveit_resources_fanuc_moveit_config': AMENT_PREFIX_PATH=/home/denmann99/ws_moveit2/install/moveit_resources_fanuc_description:${AMENT_PREFIX_PATH} CMAKE_PREFIX_PATH=/home/denmann99/ws_moveit2/install/moveit_resources_fanuc_description:/opt/ros/foxy /usr/bin/cmake /home/denmann99/ws_moveit2/src/moveit_resources/fanuc_moveit_config -DCMAKE_BUILD_TYPE=Release -DCMAKE_INSTALL_PREFIX=/home/denmann99/ws_moveit2/install/moveit_resources_fanuc_moveit_config
[0.064s] -- The C compiler identification is GNU 9.3.0
[0.100s] -- The CXX compiler identification is GNU 9.3.0
[0.103s] -- Check for working C compiler: /usr/bin/cc
[0.146s] -- Check for working C compiler: /usr/bin/cc -- works
[0.147s] -- Detecting C compiler ABI info
[0.195s] -- Detecting C compiler ABI info - done
[0.203s] -- Detecting C compile features
[0.203s] -- Detecting C compile features - done
[0.205s] -- Check for working CXX compiler: /usr/bin/c++
[0.255s] -- Check for working CXX compiler: /usr/bin/c++ -- works
[0.256s] -- Detecting CXX compiler ABI info
[0.341s] -- Detecting CXX compiler ABI info - done
[0.350s] -- Detecting CXX compile features
[0.351s] -- Detecting CXX compile features - done
[0.352s] -- Found ament_cmake: 0.9.9 (/opt/ros/foxy/share/ament_cmake/cmake)
[0.370s] -- Found PythonInterp: /usr/bin/python3 (found suitable version "3.8.10", minimum required is "3") 
[0.370s] -- Using PYTHON_EXECUTABLE: /usr/bin/python3
[0.555s] -- Configuring done
[0.556s] -- Generating done
[0.557s] -- Build files have been written to: /home/denmann99/ws_moveit2/build/moveit_resources_fanuc_moveit_config
[0.559s] Invoked command in '/home/denmann99/ws_moveit2/build/moveit_resources_fanuc_moveit_config' returned '0': AMENT_PREFIX_PATH=/home/denmann99/ws_moveit2/install/moveit_resources_fanuc_description:${AMENT_PREFIX_PATH} CMAKE_PREFIX_PATH=/home/denmann99/ws_moveit2/install/moveit_resources_fanuc_description:/opt/ros/foxy /usr/bin/cmake /home/denmann99/ws_moveit2/src/moveit_resources/fanuc_moveit_config -DCMAKE_BUILD_TYPE=Release -DCMAKE_INSTALL_PREFIX=/home/denmann99/ws_moveit2/install/moveit_resources_fanuc_moveit_config
[0.561s] Invoking command in '/home/denmann99/ws_moveit2/build/moveit_resources_fanuc_moveit_config': AMENT_PREFIX_PATH=/home/denmann99/ws_moveit2/install/moveit_resources_fanuc_description:${AMENT_PREFIX_PATH} CMAKE_PREFIX_PATH=/home/denmann99/ws_moveit2/install/moveit_resources_fanuc_description:/opt/ros/foxy /usr/bin/cmake --build /home/denmann99/ws_moveit2/build/moveit_resources_fanuc_moveit_config -- -j12 -l12
[0.585s] Invoked command in '/home/denmann99/ws_moveit2/build/moveit_resources_fanuc_moveit_config' returned '0': AMENT_PREFIX_PATH=/home/denmann99/ws_moveit2/install/moveit_resources_fanuc_description:${AMENT_PREFIX_PATH} CMAKE_PREFIX_PATH=/home/denmann99/ws_moveit2/install/moveit_resources_fanuc_description:/opt/ros/foxy /usr/bin/cmake --build /home/denmann99/ws_moveit2/build/moveit_resources_fanuc_moveit_config -- -j12 -l12
[0.602s] Invoking command in '/home/denmann99/ws_moveit2/build/moveit_resources_fanuc_moveit_config': AMENT_PREFIX_PATH=/home/denmann99/ws_moveit2/install/moveit_resources_fanuc_description:${AMENT_PREFIX_PATH} CMAKE_PREFIX_PATH=/home/denmann99/ws_moveit2/install/moveit_resources_fanuc_description:/opt/ros/foxy /usr/bin/cmake --install /home/denmann99/ws_moveit2/build/moveit_resources_fanuc_moveit_config
[0.610s] -- Install configuration: "Release"
[0.610s] -- Installing: /home/denmann99/ws_moveit2/install/moveit_resources_fanuc_moveit_config/share/ament_index/resource_index/package_run_dependencies/moveit_resources_fanuc_moveit_config
[0.610s] -- Installing: /home/denmann99/ws_moveit2/install/moveit_resources_fanuc_moveit_config/share/ament_index/resource_index/parent_prefix_path/moveit_resources_fanuc_moveit_config
[0.611s] -- Installing: /home/denmann99/ws_moveit2/install/moveit_resources_fanuc_moveit_config/share/moveit_resources_fanuc_moveit_config/environment/ament_prefix_path.sh
[0.611s] -- Installing: /home/denmann99/ws_moveit2/install/moveit_resources_fanuc_moveit_config/share/moveit_resources_fanuc_moveit_config/environment/ament_prefix_path.dsv
[0.611s] -- Installing: /home/denmann99/ws_moveit2/install/moveit_resources_fanuc_moveit_config/share/moveit_resources_fanuc_moveit_config/environment/path.sh
[0.611s] -- Installing: /home/denmann99/ws_moveit2/install/moveit_resources_fanuc_moveit_config/share/moveit_resources_fanuc_moveit_config/environment/path.dsv
[0.611s] -- Installing: /home/denmann99/ws_moveit2/install/moveit_resources_fanuc_moveit_config/share/moveit_resources_fanuc_moveit_config/local_setup.bash
[0.611s] -- Installing: /home/denmann99/ws_moveit2/install/moveit_resources_fanuc_moveit_config/share/moveit_resources_fanuc_moveit_config/local_setup.sh
[0.612s] -- Installing: /home/denmann99/ws_moveit2/install/moveit_resources_fanuc_moveit_config/share/moveit_resources_fanuc_moveit_config/local_setup.zsh
[0.612s] -- Installing: /home/denmann99/ws_moveit2/install/moveit_resources_fanuc_moveit_config/share/moveit_resources_fanuc_moveit_config/local_setup.dsv
[0.612s] -- Installing: /home/denmann99/ws_moveit2/install/moveit_resources_fanuc_moveit_config/share/moveit_resources_fanuc_moveit_config/package.dsv
[0.612s] -- Installing: /home/denmann99/ws_moveit2/install/moveit_resources_fanuc_moveit_config/share/ament_index/resource_index/packages/moveit_resources_fanuc_moveit_config
[0.613s] -- Installing: /home/denmann99/ws_moveit2/install/moveit_resources_fanuc_moveit_config/share/moveit_resources_fanuc_moveit_config/cmake/moveit_resources_fanuc_moveit_configConfig.cmake
[0.613s] -- Installing: /home/denmann99/ws_moveit2/install/moveit_resources_fanuc_moveit_config/share/moveit_resources_fanuc_moveit_config/cmake/moveit_resources_fanuc_moveit_configConfig-version.cmake
[0.614s] -- Installing: /home/denmann99/ws_moveit2/install/moveit_resources_fanuc_moveit_config/share/moveit_resources_fanuc_moveit_config/package.xml
[0.614s] -- Installing: /home/denmann99/ws_moveit2/install/moveit_resources_fanuc_moveit_config/share/moveit_resources_fanuc_moveit_config/launch
[0.614s] -- Installing: /home/denmann99/ws_moveit2/install/moveit_resources_fanuc_moveit_config/share/moveit_resources_fanuc_moveit_config/launch/joystick_control.launch
[0.615s] -- Installing: /home/denmann99/ws_moveit2/install/moveit_resources_fanuc_moveit_config/share/moveit_resources_fanuc_moveit_config/launch/planning_pipeline.launch.xml
[0.615s] -- Installing: /home/denmann99/ws_moveit2/install/moveit_resources_fanuc_moveit_config/share/moveit_resources_fanuc_moveit_config/launch/ros_controllers.launch
[0.615s] -- Installing: /home/denmann99/ws_moveit2/install/moveit_resources_fanuc_moveit_config/share/moveit_resources_fanuc_moveit_config/launch/default_warehouse_db.launch
[0.615s] -- Installing: /home/denmann99/ws_moveit2/install/moveit_resources_fanuc_moveit_config/share/moveit_resources_fanuc_moveit_config/launch/demo_gazebo.launch
[0.615s] -- Installing: /home/denmann99/ws_moveit2/install/moveit_resources_fanuc_moveit_config/share/moveit_resources_fanuc_moveit_config/launch/demo.launch
[0.615s] -- Installing: /home/denmann99/ws_moveit2/install/moveit_resources_fanuc_moveit_config/share/moveit_resources_fanuc_moveit_config/launch/fanuc_moveit_controller_manager.launch.xml
[0.615s] -- Installing: /home/denmann99/ws_moveit2/install/moveit_resources_fanuc_moveit_config/share/moveit_resources_fanuc_moveit_config/launch/demo_chomp.launch
[0.615s] -- Installing: /home/denmann99/ws_moveit2/install/moveit_resources_fanuc_moveit_config/share/moveit_resources_fanuc_moveit_config/launch/moveit.rviz
[0.615s] -- Installing: /home/denmann99/ws_moveit2/install/moveit_resources_fanuc_moveit_config/share/moveit_resources_fanuc_moveit_config/launch/planning_context.launch
[0.615s] -- Installing: /home/denmann99/ws_moveit2/install/moveit_resources_fanuc_moveit_config/share/moveit_resources_fanuc_moveit_config/launch/moveit_rviz.launch
[0.616s] -- Installing: /home/denmann99/ws_moveit2/install/moveit_resources_fanuc_moveit_config/share/moveit_resources_fanuc_moveit_config/launch/run_benchmark_ompl.launch
[0.616s] -- Installing: /home/denmann99/ws_moveit2/install/moveit_resources_fanuc_moveit_config/share/moveit_resources_fanuc_moveit_config/launch/move_group.launch
[0.616s] -- Installing: /home/denmann99/ws_moveit2/install/moveit_resources_fanuc_moveit_config/share/moveit_resources_fanuc_moveit_config/launch/fanuc_moveit_sensor_manager.launch.xml
[0.616s] -- Installing: /home/denmann99/ws_moveit2/install/moveit_resources_fanuc_moveit_config/share/moveit_resources_fanuc_moveit_config/launch/fake_moveit_controller_manager.launch.xml
[0.616s] -- Installing: /home/denmann99/ws_moveit2/install/moveit_resources_fanuc_moveit_config/share/moveit_resources_fanuc_moveit_config/launch/warehouse.launch
[0.616s] -- Installing: /home/denmann99/ws_moveit2/install/moveit_resources_fanuc_moveit_config/share/moveit_resources_fanuc_moveit_config/launch/test_environment.launch
[0.617s] -- Installing: /home/denmann99/ws_moveit2/install/moveit_resources_fanuc_moveit_config/share/moveit_resources_fanuc_moveit_config/launch/chomp_planning_pipeline.launch.xml
[0.617s] -- Installing: /home/denmann99/ws_moveit2/install/moveit_resources_fanuc_moveit_config/share/moveit_resources_fanuc_moveit_config/launch/gazebo.launch
[0.617s] -- Installing: /home/denmann99/ws_moveit2/install/moveit_resources_fanuc_moveit_config/share/moveit_resources_fanuc_moveit_config/launch/warehouse_settings.launch.xml
[0.617s] -- Installing: /home/denmann99/ws_moveit2/install/moveit_resources_fanuc_moveit_config/share/moveit_resources_fanuc_moveit_config/launch/sensor_manager.launch.xml
[0.617s] -- Installing: /home/denmann99/ws_moveit2/install/moveit_resources_fanuc_moveit_config/share/moveit_resources_fanuc_moveit_config/launch/trajectory_execution.launch.xml
[0.617s] -- Installing: /home/denmann99/ws_moveit2/install/moveit_resources_fanuc_moveit_config/share/moveit_resources_fanuc_moveit_config/launch/ompl_planning_pipeline.launch.xml
[0.617s] -- Installing: /home/denmann99/ws_moveit2/install/moveit_resources_fanuc_moveit_config/share/moveit_resources_fanuc_moveit_config/config
[0.617s] -- Installing: /home/denmann99/ws_moveit2/install/moveit_resources_fanuc_moveit_config/share/moveit_resources_fanuc_moveit_config/config/sensors_3d.yaml
[0.617s] -- Installing: /home/denmann99/ws_moveit2/install/moveit_resources_fanuc_moveit_config/share/moveit_resources_fanuc_moveit_config/config/fake_controllers.yaml
[0.618s] -- Installing: /home/denmann99/ws_moveit2/install/moveit_resources_fanuc_moveit_config/share/moveit_resources_fanuc_moveit_config/config/ompl_planning.yaml
[0.618s] -- Installing: /home/denmann99/ws_moveit2/install/moveit_resources_fanuc_moveit_config/share/moveit_resources_fanuc_moveit_config/config/ros_controllers.yaml
[0.618s] -- Installing: /home/denmann99/ws_moveit2/install/moveit_resources_fanuc_moveit_config/share/moveit_resources_fanuc_moveit_config/config/fanuc.srdf
[0.619s] -- Installing: /home/denmann99/ws_moveit2/install/moveit_resources_fanuc_moveit_config/share/moveit_resources_fanuc_moveit_config/config/joint_limits.yaml
[0.619s] -- Installing: /home/denmann99/ws_moveit2/install/moveit_resources_fanuc_moveit_config/share/moveit_resources_fanuc_moveit_config/config/kinematics.yaml
[0.619s] -- Installing: /home/denmann99/ws_moveit2/install/moveit_resources_fanuc_moveit_config/share/moveit_resources_fanuc_moveit_config/config/cartesian_limits.yaml
[0.619s] -- Installing: /home/denmann99/ws_moveit2/install/moveit_resources_fanuc_moveit_config/share/moveit_resources_fanuc_moveit_config/config/chomp_planning.yaml
[0.619s] Invoked command in '/home/denmann99/ws_moveit2/build/moveit_resources_fanuc_moveit_config' returned '0': AMENT_PREFIX_PATH=/home/denmann99/ws_moveit2/install/moveit_resources_fanuc_description:${AMENT_PREFIX_PATH} CMAKE_PREFIX_PATH=/home/denmann99/ws_moveit2/install/moveit_resources_fanuc_description:/opt/ros/foxy /usr/bin/cmake --install /home/denmann99/ws_moveit2/build/moveit_resources_fanuc_moveit_config
