[0.009s] Invoking command in '/home/denmann99/ws_moveit2/build/moveit2_tutorials': AMENT_PREFIX_PATH=/home/denmann99/ws_moveit2/install/moveit_visual_tools:${AMENT_PREFIX_PATH} CMAKE_PREFIX_PATH=/home/denmann99/ws_moveit2/install/moveit_visual_tools:/home/denmann99/ws_moveit2/install/moveit_resources_panda_moveit_config:/home/denmann99/ws_moveit2/install/rviz_visual_tools:/home/denmann99/ws_moveit2/install/moveit_resources_panda_description:/home/denmann99/ws_moveit2/install/moveit_resources:/home/denmann99/ws_moveit2/install/moveit_resources_pr2_description:/home/denmann99/ws_moveit2/install/moveit_resources_fanuc_moveit_config:/home/denmann99/ws_moveit2/install/moveit_resources_fanuc_description:/opt/ros/foxy LD_LIBRARY_PATH=/home/denmann99/ws_moveit2/install/moveit_visual_tools/lib:${LD_LIBRARY_PATH} /usr/bin/cmake /home/denmann99/ws_moveit2/src/moveit2_tutorials -DCMAKE_BUILD_TYPE=Release -DCMAKE_INSTALL_PREFIX=/home/denmann99/ws_moveit2/install/moveit2_tutorials
[0.044s] -- The C compiler identification is GNU 9.3.0
[0.079s] -- The CXX compiler identification is GNU 9.3.0
[0.082s] -- Check for working C compiler: /usr/bin/cc
[0.127s] -- Check for working C compiler: /usr/bin/cc -- works
[0.128s] -- Detecting C compiler ABI info
[0.175s] -- Detecting C compiler ABI info - done
[0.185s] -- Detecting C compile features
[0.186s] -- Detecting C compile features - done
[0.188s] -- Check for working CXX compiler: /usr/bin/c++
[0.242s] -- Check for working CXX compiler: /usr/bin/c++ -- works
[0.243s] -- Detecting CXX compiler ABI info
[0.294s] -- Detecting CXX compiler ABI info - done
[0.303s] -- Detecting CXX compile features
[0.303s] -- Detecting CXX compile features - done
[0.305s] -- Found moveit_common: 2.2.2 (/opt/ros/foxy/share/moveit_common/cmake)
[0.306s] -- Found ament_cmake: 0.9.9 (/opt/ros/foxy/share/ament_cmake/cmake)
[0.322s] -- Found PythonInterp: /usr/bin/python3 (found suitable version "3.8.10", minimum required is "3") 
[0.322s] -- Using PYTHON_EXECUTABLE: /usr/bin/python3
[0.740s] -- Found Boost: /usr/lib/x86_64-linux-gnu/cmake/Boost-1.71.0/BoostConfig.cmake (found version "1.71.0") found components: system filesystem date_time thread 
[0.750s] -- Found control_msgs: 2.5.1 (/opt/ros/foxy/share/control_msgs/cmake)
[0.801s] -- Using all available rosidl_typesupport_c: rosidl_typesupport_fastrtps_c;rosidl_typesupport_introspection_c
[0.806s] -- Found rosidl_adapter: 1.2.1 (/opt/ros/foxy/share/rosidl_adapter/cmake)
[0.852s] -- Found OpenSSL: /usr/lib/x86_64-linux-gnu/libcrypto.so (found version "1.1.1f")  
[0.871s] -- Found FastRTPS: /opt/ros/foxy/include  
[0.925s] -- Using all available rosidl_typesupport_cpp: rosidl_typesupport_fastrtps_cpp;rosidl_typesupport_introspection_cpp
[1.247s] -- Found moveit_core: 2.2.2 (/opt/ros/foxy/share/moveit_core/cmake)
[1.259s] -- Found Boost: /usr/lib/x86_64-linux-gnu/cmake/Boost-1.71.0/BoostConfig.cmake (found version "1.71.0") found components: chrono date_time filesystem iostreams program_options regex serialization system thread 
[1.326s] -- Found rmw_implementation_cmake: 1.0.3 (/opt/ros/foxy/share/rmw_implementation_cmake/cmake)
[1.327s] -- Using RMW implementation 'rmw_fastrtps_cpp' as default
[1.328s] -- Found Threads: TRUE  
[1.474s] -- library: /usr/lib/x86_64-linux-gnu/libcurl.so
[1.607s] -- Found Eigen3: TRUE (found version "3.3.7") 
[2.861s] -- Found moveit_ros_planning: 2.2.2 (/opt/ros/foxy/share/moveit_ros_planning/cmake)
[2.865s] -- Found Boost: /usr/lib/x86_64-linux-gnu/cmake/Boost-1.71.0/BoostConfig.cmake (found version "1.71.0") found components: system filesystem date_time program_options thread chrono 
[3.093s] -- Found Boost: /usr/lib/x86_64-linux-gnu/cmake/Boost-1.71.0/BoostConfig.cmake (found version "1.71.0") found components: thread 
[3.566s] -- Found moveit_ros_planning_interface: 2.2.2 (/opt/ros/foxy/share/moveit_ros_planning_interface/cmake)
[3.569s] -- Found Boost: /usr/lib/x86_64-linux-gnu/cmake/Boost-1.71.0/BoostConfig.cmake (found version "1.71.0")  
[3.573s] -- Found Boost: /usr/lib/x86_64-linux-gnu/cmake/Boost-1.71.0/BoostConfig.cmake (found version "1.71.0") found components: date_time filesystem program_options system thread 
[3.879s] -- Found Boost: /usr/lib/x86_64-linux-gnu/cmake/Boost-1.71.0/BoostConfig.cmake (found version "1.71.0") found components: thread system filesystem regex date_time program_options 
[4.187s] -- Found Boost: /usr/lib/x86_64-linux-gnu/cmake/Boost-1.71.0/BoostConfig.cmake (found version "1.71.0") found components: system filesystem date_time program_options thread 
[4.668s] -- Found moveit_ros_perception: 2.2.2 (/opt/ros/foxy/share/moveit_ros_perception/cmake)
[4.670s] -- Found Boost: /usr/lib/x86_64-linux-gnu/cmake/Boost-1.71.0/BoostConfig.cmake (found version "1.71.0") found components: thread 
[5.122s] -- Found moveit_servo: 2.2.2 (/opt/ros/foxy/share/moveit_servo/cmake)
[5.336s] -- Found interactive_markers: 2.1.3 (/opt/ros/foxy/share/interactive_markers/cmake)
[5.352s] -- Found rviz_visual_tools: 4.0.3 (/home/denmann99/ws_moveit2/install/rviz_visual_tools/share/rviz_visual_tools/cmake)
[5.430s] -- Setting OGRE_DIR to: '/opt/ros/foxy/share/rviz_ogre_vendor/cmake/../../../opt/rviz_ogre_vendor/lib/OGRE/cmake'
[5.432s] -- Found OGRE
[5.432s] --   static     : OFF
[5.432s] --   components : HLMS;MeshLodGenerator;Overlay;Paging;Property;RTShaderSystem;Terrain;Volume
[5.432s] --   plugins    : Plugin_BSPSceneManager;Plugin_OctreeSceneManager;Plugin_PCZSceneManager;Plugin_ParticleFX;RenderSystem_GL;RenderSystem_GL3Plus;Codec_STBI
[5.432s] --   media      : /opt/ros/foxy/opt/rviz_ogre_vendor/share/OGRE/Media
[5.432s] -- OGRE_LIBRARIES: OgreHLMS;OgreMeshLodGenerator;OgreOverlay;OgrePaging;OgreProperty;OgreRTShaderSystem;OgreTerrain;OgreVolume;OgreMain
[5.432s] -- OGRE_LIBRARY_DIRS: /opt/ros/foxy/opt/rviz_ogre_vendor/lib
[5.432s] -- OGRE_PLUGINS: Plugin_BSPSceneManager;Plugin_OctreeSceneManager;Plugin_PCZSceneManager;Plugin_ParticleFX;RenderSystem_GL;RenderSystem_GL3Plus;Codec_STBI
[5.432s] -- OGRE_PLUGIN_DIR: /opt/ros/foxy/opt/rviz_ogre_vendor/lib/OGRE
[5.432s] -- rviz_ogre_vendor::OgreOverlay for IMPORTED_LOCATION_RELEASE: /opt/ros/foxy/opt/rviz_ogre_vendor/lib/libOgreOverlay.so
[5.432s] -- rviz_ogre_vendor::OgreOverlay for IMPORTED_LOCATION_DEBUG: /opt/ros/foxy/opt/rviz_ogre_vendor/lib/libOgreOverlay.so
[5.432s] -- rviz_ogre_vendor::OgreMain for IMPORTED_LOCATION_RELEASE: /opt/ros/foxy/opt/rviz_ogre_vendor/lib/libOgreMain.so
[5.433s] -- rviz_ogre_vendor::OgreMain for IMPORTED_LOCATION_DEBUG: /opt/ros/foxy/opt/rviz_ogre_vendor/lib/libOgreMain.so
[5.434s] -- Could not find freeimage library
[5.447s] -- Found ZLIB: /usr/lib/x86_64-linux-gnu/libz.so (found version "1.2.11") 
[5.451s] -- Found OpenGL: /usr/lib/x86_64-linux-gnu/libOpenGL.so   
[5.506s] -- Found X11: /usr/include   
[5.506s] -- Looking for XOpenDisplay in /usr/lib/x86_64-linux-gnu/libX11.so;/usr/lib/x86_64-linux-gnu/libXext.so
[5.560s] -- Looking for XOpenDisplay in /usr/lib/x86_64-linux-gnu/libX11.so;/usr/lib/x86_64-linux-gnu/libXext.so - found
[5.560s] -- Looking for gethostbyname
[5.613s] -- Looking for gethostbyname - found
[5.613s] -- Looking for connect
[5.686s] -- Looking for connect - found
[5.686s] -- Looking for remove
[5.777s] -- Looking for remove - found
[5.777s] -- Looking for shmat
[5.867s] -- Looking for shmat - found
[5.867s] -- Looking for IceConnectionNumber in ICE
[5.962s] -- Looking for IceConnectionNumber in ICE - found
[5.965s] -- rviz_ogre_vendor::RenderSystem_GL for IMPORTED_LOCATION_RELEASE: _render_system_gl_static_library_abs-NOTFOUND
[5.965s] -- rviz_ogre_vendor::RenderSystem_GL for IMPORTED_LOCATION_DEBUG: _render_system_gl_static_library_abs-NOTFOUND
[6.018s] -- Setting yaml-cpp_DIR to: '/opt/ros/foxy/share/yaml_cpp_vendor/cmake/../../../opt/yaml_cpp_vendor/lib/cmake/yaml-cpp'
[6.343s] -- Found moveit_visual_tools: 4.0.0 (/home/denmann99/ws_moveit2/install/moveit_visual_tools/share/moveit_visual_tools/cmake)
[8.709s] -- Configuring done
[9.111s] -- Generating done
[9.113s] -- Build files have been written to: /home/denmann99/ws_moveit2/build/moveit2_tutorials
[9.126s] Invoked command in '/home/denmann99/ws_moveit2/build/moveit2_tutorials' returned '0': AMENT_PREFIX_PATH=/home/denmann99/ws_moveit2/install/moveit_visual_tools:${AMENT_PREFIX_PATH} CMAKE_PREFIX_PATH=/home/denmann99/ws_moveit2/install/moveit_visual_tools:/home/denmann99/ws_moveit2/install/moveit_resources_panda_moveit_config:/home/denmann99/ws_moveit2/install/rviz_visual_tools:/home/denmann99/ws_moveit2/install/moveit_resources_panda_description:/home/denmann99/ws_moveit2/install/moveit_resources:/home/denmann99/ws_moveit2/install/moveit_resources_pr2_description:/home/denmann99/ws_moveit2/install/moveit_resources_fanuc_moveit_config:/home/denmann99/ws_moveit2/install/moveit_resources_fanuc_description:/opt/ros/foxy LD_LIBRARY_PATH=/home/denmann99/ws_moveit2/install/moveit_visual_tools/lib:${LD_LIBRARY_PATH} /usr/bin/cmake /home/denmann99/ws_moveit2/src/moveit2_tutorials -DCMAKE_BUILD_TYPE=Release -DCMAKE_INSTALL_PREFIX=/home/denmann99/ws_moveit2/install/moveit2_tutorials
[9.128s] Invoking command in '/home/denmann99/ws_moveit2/build/moveit2_tutorials': AMENT_PREFIX_PATH=/home/denmann99/ws_moveit2/install/moveit_visual_tools:${AMENT_PREFIX_PATH} CMAKE_PREFIX_PATH=/home/denmann99/ws_moveit2/install/moveit_visual_tools:/home/denmann99/ws_moveit2/install/moveit_resources_panda_moveit_config:/home/denmann99/ws_moveit2/install/rviz_visual_tools:/home/denmann99/ws_moveit2/install/moveit_resources_panda_description:/home/denmann99/ws_moveit2/install/moveit_resources:/home/denmann99/ws_moveit2/install/moveit_resources_pr2_description:/home/denmann99/ws_moveit2/install/moveit_resources_fanuc_moveit_config:/home/denmann99/ws_moveit2/install/moveit_resources_fanuc_description:/opt/ros/foxy LD_LIBRARY_PATH=/home/denmann99/ws_moveit2/install/moveit_visual_tools/lib:${LD_LIBRARY_PATH} /usr/bin/cmake --build /home/denmann99/ws_moveit2/build/moveit2_tutorials -- -j12 -l12
[9.156s] [35m[1mScanning dependencies of target servo_cpp_interface_demo[0m
[9.156s] [35m[1mScanning dependencies of target move_group_interface_tutorial[0m
[9.156s] [35m[1mScanning dependencies of target servo_keyboard_input[0m
[9.156s] [35m[1mScanning dependencies of target planning_scene_tutorial[0m
[9.156s] [35m[1mScanning dependencies of target moveit_cpp_tutorial[0m
[9.158s] [35m[1mScanning dependencies of target planning_scene_ros_api_tutorial[0m
[9.159s] [35m[1mScanning dependencies of target robot_model_and_robot_state_tutorial[0m
[9.189s] [  7%] [32mBuilding CXX object doc/realtime_servo/CMakeFiles/servo_keyboard_input.dir/src/servo_keyboard_input.cpp.o[0m
[9.211s] [ 14%] [32mBuilding CXX object doc/planning_scene/CMakeFiles/planning_scene_tutorial.dir/src/planning_scene_tutorial.cpp.o[0m
[9.231s] [ 21%] [32mBuilding CXX object doc/moveit_cpp/CMakeFiles/moveit_cpp_tutorial.dir/src/moveit_cpp_tutorial.cpp.o[0m
[9.233s] [ 28%] [32mBuilding CXX object doc/realtime_servo/CMakeFiles/servo_cpp_interface_demo.dir/src/servo_cpp_interface_demo.cpp.o[0m
[9.240s] [ 35%] [32mBuilding CXX object doc/robot_model_and_robot_state/CMakeFiles/robot_model_and_robot_state_tutorial.dir/src/robot_model_and_robot_state_tutorial.cpp.o[0m
[9.247s] [ 42%] [32mBuilding CXX object doc/planning_scene_ros_api/CMakeFiles/planning_scene_ros_api_tutorial.dir/src/planning_scene_ros_api_tutorial.cpp.o[0m
[9.259s] [ 50%] [32mBuilding CXX object doc/move_group_interface/CMakeFiles/move_group_interface_tutorial.dir/src/move_group_interface_tutorial.cpp.o[0m
[12.891s] [ 57%] [32m[1mLinking CXX executable servo_keyboard_input[0m
[13.209s] [ 57%] Built target servo_keyboard_input
[13.920s] [ 64%] [32m[1mLinking CXX executable robot_model_and_robot_state_tutorial[0m
[14.329s] [ 64%] Built target robot_model_and_robot_state_tutorial
[14.474s] [ 71%] [32m[1mLinking CXX executable planning_scene_tutorial[0m
[14.903s] [ 71%] Built target planning_scene_tutorial
[16.923s] [ 78%] [32m[1mLinking CXX executable planning_scene_ros_api_tutorial[0m
[17.522s] [ 78%] Built target planning_scene_ros_api_tutorial
[18.000s] [ 85%] [32m[1mLinking CXX executable move_group_interface_tutorial[0m
[18.642s] [ 85%] Built target move_group_interface_tutorial
[19.614s] [ 92%] [32m[1mLinking CXX executable moveit_cpp_tutorial[0m
[20.225s] [ 92%] Built target moveit_cpp_tutorial
[21.602s] [100%] [32m[1mLinking CXX executable servo_cpp_interface_demo[0m
[22.011s] [100%] Built target servo_cpp_interface_demo
[22.020s] Invoked command in '/home/denmann99/ws_moveit2/build/moveit2_tutorials' returned '0': AMENT_PREFIX_PATH=/home/denmann99/ws_moveit2/install/moveit_visual_tools:${AMENT_PREFIX_PATH} CMAKE_PREFIX_PATH=/home/denmann99/ws_moveit2/install/moveit_visual_tools:/home/denmann99/ws_moveit2/install/moveit_resources_panda_moveit_config:/home/denmann99/ws_moveit2/install/rviz_visual_tools:/home/denmann99/ws_moveit2/install/moveit_resources_panda_description:/home/denmann99/ws_moveit2/install/moveit_resources:/home/denmann99/ws_moveit2/install/moveit_resources_pr2_description:/home/denmann99/ws_moveit2/install/moveit_resources_fanuc_moveit_config:/home/denmann99/ws_moveit2/install/moveit_resources_fanuc_description:/opt/ros/foxy LD_LIBRARY_PATH=/home/denmann99/ws_moveit2/install/moveit_visual_tools/lib:${LD_LIBRARY_PATH} /usr/bin/cmake --build /home/denmann99/ws_moveit2/build/moveit2_tutorials -- -j12 -l12
[22.037s] Invoking command in '/home/denmann99/ws_moveit2/build/moveit2_tutorials': AMENT_PREFIX_PATH=/home/denmann99/ws_moveit2/install/moveit_visual_tools:${AMENT_PREFIX_PATH} CMAKE_PREFIX_PATH=/home/denmann99/ws_moveit2/install/moveit_visual_tools:/home/denmann99/ws_moveit2/install/moveit_resources_panda_moveit_config:/home/denmann99/ws_moveit2/install/rviz_visual_tools:/home/denmann99/ws_moveit2/install/moveit_resources_panda_description:/home/denmann99/ws_moveit2/install/moveit_resources:/home/denmann99/ws_moveit2/install/moveit_resources_pr2_description:/home/denmann99/ws_moveit2/install/moveit_resources_fanuc_moveit_config:/home/denmann99/ws_moveit2/install/moveit_resources_fanuc_description:/opt/ros/foxy LD_LIBRARY_PATH=/home/denmann99/ws_moveit2/install/moveit_visual_tools/lib:${LD_LIBRARY_PATH} /usr/bin/cmake --install /home/denmann99/ws_moveit2/build/moveit2_tutorials
[22.042s] -- Install configuration: "Release"
[22.043s] -- Installing: /home/denmann99/ws_moveit2/install/moveit2_tutorials/share/ament_index/resource_index/package_run_dependencies/moveit2_tutorials
[22.043s] -- Installing: /home/denmann99/ws_moveit2/install/moveit2_tutorials/share/ament_index/resource_index/parent_prefix_path/moveit2_tutorials
[22.043s] -- Installing: /home/denmann99/ws_moveit2/install/moveit2_tutorials/share/moveit2_tutorials/environment/ament_prefix_path.sh
[22.043s] -- Installing: /home/denmann99/ws_moveit2/install/moveit2_tutorials/share/moveit2_tutorials/environment/ament_prefix_path.dsv
[22.043s] -- Installing: /home/denmann99/ws_moveit2/install/moveit2_tutorials/share/moveit2_tutorials/environment/path.sh
[22.043s] -- Installing: /home/denmann99/ws_moveit2/install/moveit2_tutorials/share/moveit2_tutorials/environment/path.dsv
[22.043s] -- Installing: /home/denmann99/ws_moveit2/install/moveit2_tutorials/share/moveit2_tutorials/local_setup.bash
[22.043s] -- Installing: /home/denmann99/ws_moveit2/install/moveit2_tutorials/share/moveit2_tutorials/local_setup.sh
[22.043s] -- Installing: /home/denmann99/ws_moveit2/install/moveit2_tutorials/share/moveit2_tutorials/local_setup.zsh
[22.043s] -- Installing: /home/denmann99/ws_moveit2/install/moveit2_tutorials/share/moveit2_tutorials/local_setup.dsv
[22.043s] -- Installing: /home/denmann99/ws_moveit2/install/moveit2_tutorials/share/moveit2_tutorials/package.dsv
[22.044s] -- Installing: /home/denmann99/ws_moveit2/install/moveit2_tutorials/share/ament_index/resource_index/packages/moveit2_tutorials
[22.044s] -- Installing: /home/denmann99/ws_moveit2/install/moveit2_tutorials/share/moveit2_tutorials/cmake/ament_cmake_export_dependencies-extras.cmake
[22.044s] -- Installing: /home/denmann99/ws_moveit2/install/moveit2_tutorials/share/moveit2_tutorials/cmake/ament_cmake_export_include_directories-extras.cmake
[22.044s] -- Installing: /home/denmann99/ws_moveit2/install/moveit2_tutorials/share/moveit2_tutorials/cmake/moveit2_tutorialsConfig.cmake
[22.044s] -- Installing: /home/denmann99/ws_moveit2/install/moveit2_tutorials/share/moveit2_tutorials/cmake/moveit2_tutorialsConfig-version.cmake
[22.044s] -- Installing: /home/denmann99/ws_moveit2/install/moveit2_tutorials/share/moveit2_tutorials/package.xml
[22.044s] -- Installing: /home/denmann99/ws_moveit2/install/moveit2_tutorials/lib/moveit2_tutorials/move_group_interface_tutorial
[22.045s] -- Set runtime path of "/home/denmann99/ws_moveit2/install/moveit2_tutorials/lib/moveit2_tutorials/move_group_interface_tutorial" to ""
[22.045s] -- Installing: /home/denmann99/ws_moveit2/install/moveit2_tutorials/share/moveit2_tutorials/launch
[22.045s] -- Installing: /home/denmann99/ws_moveit2/install/moveit2_tutorials/share/moveit2_tutorials/launch/move_group_interface_tutorial.launch.py
[22.045s] -- Installing: /home/denmann99/ws_moveit2/install/moveit2_tutorials/share/moveit2_tutorials/launch/move_group.rviz
[22.045s] -- Installing: /home/denmann99/ws_moveit2/install/moveit2_tutorials/share/moveit2_tutorials/launch/move_group.launch.py
[22.045s] -- Installing: /home/denmann99/ws_moveit2/install/moveit2_tutorials/lib/moveit2_tutorials/moveit_cpp_tutorial
[22.045s] -- Set runtime path of "/home/denmann99/ws_moveit2/install/moveit2_tutorials/lib/moveit2_tutorials/moveit_cpp_tutorial" to ""
[22.045s] -- Up-to-date: /home/denmann99/ws_moveit2/install/moveit2_tutorials/share/moveit2_tutorials/launch
[22.045s] -- Installing: /home/denmann99/ws_moveit2/install/moveit2_tutorials/share/moveit2_tutorials/launch/moveit_cpp_tutorial.launch.py
[22.045s] -- Installing: /home/denmann99/ws_moveit2/install/moveit2_tutorials/share/moveit2_tutorials/launch/moveit_cpp_tutorial.rviz
[22.046s] -- Installing: /home/denmann99/ws_moveit2/install/moveit2_tutorials/share/moveit2_tutorials/config
[22.046s] -- Installing: /home/denmann99/ws_moveit2/install/moveit2_tutorials/share/moveit2_tutorials/config/moveit_cpp.yaml
[22.046s] -- Installing: /home/denmann99/ws_moveit2/install/moveit2_tutorials/lib/moveit2_tutorials/planning_scene_tutorial
[22.046s] -- Set runtime path of "/home/denmann99/ws_moveit2/install/moveit2_tutorials/lib/moveit2_tutorials/planning_scene_tutorial" to ""
[22.046s] -- Up-to-date: /home/denmann99/ws_moveit2/install/moveit2_tutorials/share/moveit2_tutorials/launch
[22.046s] -- Installing: /home/denmann99/ws_moveit2/install/moveit2_tutorials/share/moveit2_tutorials/launch/planning_scene_tutorial.launch.py
[22.046s] -- Installing: /home/denmann99/ws_moveit2/install/moveit2_tutorials/lib/moveit2_tutorials/planning_scene_ros_api_tutorial
[22.047s] -- Set runtime path of "/home/denmann99/ws_moveit2/install/moveit2_tutorials/lib/moveit2_tutorials/planning_scene_ros_api_tutorial" to ""
[22.047s] -- Up-to-date: /home/denmann99/ws_moveit2/install/moveit2_tutorials/share/moveit2_tutorials/launch
[22.047s] -- Installing: /home/denmann99/ws_moveit2/install/moveit2_tutorials/share/moveit2_tutorials/launch/planning_scene_ros_api_tutorial.launch.py
[22.047s] -- Up-to-date: /home/denmann99/ws_moveit2/install/moveit2_tutorials/share/moveit2_tutorials/launch
[22.047s] -- Installing: /home/denmann99/ws_moveit2/install/moveit2_tutorials/share/moveit2_tutorials/launch/panda_moveit_config_demo_empty.rviz
[22.047s] -- Installing: /home/denmann99/ws_moveit2/install/moveit2_tutorials/share/moveit2_tutorials/launch/demo.launch.py
[22.047s] -- Installing: /home/denmann99/ws_moveit2/install/moveit2_tutorials/share/moveit2_tutorials/launch/panda_moveit_config_demo.rviz
[22.047s] -- Installing: /home/denmann99/ws_moveit2/install/moveit2_tutorials/lib/moveit2_tutorials/servo_keyboard_input
[22.047s] -- Set runtime path of "/home/denmann99/ws_moveit2/install/moveit2_tutorials/lib/moveit2_tutorials/servo_keyboard_input" to ""
[22.048s] -- Installing: /home/denmann99/ws_moveit2/install/moveit2_tutorials/lib/moveit2_tutorials/servo_cpp_interface_demo
[22.048s] -- Set runtime path of "/home/denmann99/ws_moveit2/install/moveit2_tutorials/lib/moveit2_tutorials/servo_cpp_interface_demo" to ""
[22.048s] -- Up-to-date: /home/denmann99/ws_moveit2/install/moveit2_tutorials/share/moveit2_tutorials/launch
[22.048s] -- Installing: /home/denmann99/ws_moveit2/install/moveit2_tutorials/share/moveit2_tutorials/launch/servo_teleop.launch.py
[22.048s] -- Installing: /home/denmann99/ws_moveit2/install/moveit2_tutorials/share/moveit2_tutorials/launch/servo_server_panda.launch.py
[22.048s] -- Installing: /home/denmann99/ws_moveit2/install/moveit2_tutorials/share/moveit2_tutorials/launch/servo_cpp_interface_demo.launch.py
[22.048s] -- Up-to-date: /home/denmann99/ws_moveit2/install/moveit2_tutorials/share/moveit2_tutorials/config
[22.048s] -- Installing: /home/denmann99/ws_moveit2/install/moveit2_tutorials/share/moveit2_tutorials/config/demo_rviz_config.rviz
[22.048s] -- Installing: /home/denmann99/ws_moveit2/install/moveit2_tutorials/lib/moveit2_tutorials/robot_model_and_robot_state_tutorial
[22.049s] -- Set runtime path of "/home/denmann99/ws_moveit2/install/moveit2_tutorials/lib/moveit2_tutorials/robot_model_and_robot_state_tutorial" to ""
[22.049s] -- Up-to-date: /home/denmann99/ws_moveit2/install/moveit2_tutorials/share/moveit2_tutorials/launch
[22.049s] -- Installing: /home/denmann99/ws_moveit2/install/moveit2_tutorials/share/moveit2_tutorials/launch/robot_model_and_robot_state_tutorial.launch.py
[22.051s] Invoked command in '/home/denmann99/ws_moveit2/build/moveit2_tutorials' returned '0': AMENT_PREFIX_PATH=/home/denmann99/ws_moveit2/install/moveit_visual_tools:${AMENT_PREFIX_PATH} CMAKE_PREFIX_PATH=/home/denmann99/ws_moveit2/install/moveit_visual_tools:/home/denmann99/ws_moveit2/install/moveit_resources_panda_moveit_config:/home/denmann99/ws_moveit2/install/rviz_visual_tools:/home/denmann99/ws_moveit2/install/moveit_resources_panda_description:/home/denmann99/ws_moveit2/install/moveit_resources:/home/denmann99/ws_moveit2/install/moveit_resources_pr2_description:/home/denmann99/ws_moveit2/install/moveit_resources_fanuc_moveit_config:/home/denmann99/ws_moveit2/install/moveit_resources_fanuc_description:/opt/ros/foxy LD_LIBRARY_PATH=/home/denmann99/ws_moveit2/install/moveit_visual_tools/lib:${LD_LIBRARY_PATH} /usr/bin/cmake --install /home/denmann99/ws_moveit2/build/moveit2_tutorials
